<?xml version="1.0" encoding="utf-8"?>
<shfbBuild product="Sandcastle Help File Builder and Tools" version="2022.2.6.0" projectFile="C:\Users\chipi\Documents\Repositorios\Disenio_de_interfaces\LITTLE_ERP\DocProject\DocProject.shfbproj" started="17/02/2022 13:25:31">
<buildStep step="Initializing">
Finding tools...
The Sandcastle tools are located in &#39;C:\Program Files (x86)\EWSoftware\Sandcastle Help File Builder&#39;
Locating components in the following folder(s):
    C:\Users\chipi\Documents\Repositorios\Disenio_de_interfaces\LITTLE_ERP\DocProject
    C:\ProgramData\EWSoftware\Sandcastle Help File Builder\Components and Plug-Ins
    C:\Program Files (x86)\EWSoftware\Sandcastle Help File Builder\Components
Using framework reflection data for &#39;.NET Framework 4.7.2&#39; located in &#39;C:\Program Files (x86)\EWSoftware\Sandcastle Help File Builder\Data\.NETFramework&#39;
Using presentation style &#39;VS2013&#39; located in &#39;C:\Program Files (x86)\EWSoftware\Sandcastle Help File Builder\Components\VS2013&#39;
Loading and initializing plug-ins...
Lightweight Website Style Version 2022.2.6.0
Copyright &#169; 2006-2022, Eric Woodruff, All Rights Reserved
Portions Copyright &#169; 2014, Sam Harwell, All Rights Reserved
-------------------------------
Clearing any prior web/markdown output...
</buildStep>
<buildStep step="ValidatingDocumentationSources">
Validating and copying documentation source information
Source: C:\Users\chipi\Documents\Repositorios\Disenio_de_interfaces\LITTLE_ERP\LITTLE_ERP\bin\Debug\LITTLE_ERP.exe
    Found assembly &#39;C:\Users\chipi\Documents\Repositorios\Disenio_de_interfaces\LITTLE_ERP\LITTLE_ERP\bin\Debug\LITTLE_ERP.exe&#39;
Source: C:\Users\chipi\Documents\Repositorios\Disenio_de_interfaces\LITTLE_ERP\LITTLE_ERP\bin\Debug\LITTLE_ERP.xml
SHFB: Warning BE0006: Unable to locate any documentation sources for &#39;C:\Users\chipi\Documents\Repositorios\Disenio_de_interfaces\LITTLE_ERP\LITTLE_ERP\bin\Debug\LITTLE_ERP.xml&#39; (Configuration: Debug Platform: AnyCPU)
SHFB: Warning BE0062: No documentation source XML comments files found.  The help file will not contain any member comments.
</buildStep>
<buildStep step="GenerateSharedContent">
Generating shared content files (en-US, Ingl&#233;s (Estados Unidos))...
<plugIn name="Lightweight Website Style" behavior="After" priority="1000">
</plugIn>    Last step completed in 00:00:00,0390
</buildStep>
<buildStep step="GenerateApiFilter">
Generating API filter for MRefBuilder...
    Last step completed in 00:00:00,0030
</buildStep>
<buildStep step="GenerateReflectionInfo">
Generating reflection information...
[C:\Program Files (x86)\Microsoft Visual Studio\2019\Community\MSBuild\Current\Bin\MSBuild.exe - GenerateRefInfo-8b1a79ee-e9e0-4652-8c2e-22f946a25425.proj]
Compilaci&#162;n iniciada a las 17/02/2022 13:25:34.
Proyecto &quot;C:\Users\chipi\Documents\Repositorios\Disenio_de_interfaces\LITTLE_ERP\DocProject\Help\Working\GenerateRefInfo-8b1a79ee-e9e0-4652-8c2e-22f946a25425.proj&quot; en nodo 1 (destinos predeterminados).
PrepareForBuild:
  Creando directorio &quot;obj\Debug\&quot;.
GenerateBindingRedirects:
  No hay redirecciones de enlace sugeridas procedentes de ResolveAssemblyReferences.
GenerateRefInfo:
  Microsoft.Build (v16.11.0+0538acc04cc2c953f220f9ec3f3764db1769defe)
  &#184; Microsoft Corporation. All rights reserved.
  No source code context base path specified.  Source context information is unavailable.
  Loaded 1 assemblies for reflection and 1 dependency assemblies.
  Wrote information on 3 namespaces, 6 types, and 21 members
  Merging duplicate type and member information
  Merged 0 duplicate type(s) and 0 duplicate member(s)
Compilaci&#162;n del proyecto terminada &quot;C:\Users\chipi\Documents\Repositorios\Disenio_de_interfaces\LITTLE_ERP\DocProject\Help\Working\GenerateRefInfo-8b1a79ee-e9e0-4652-8c2e-22f946a25425.proj&quot; (destinos predeterminados).
    Last step completed in 00:00:04,2199
</buildStep>
<buildStep step="ApplyDocumentModel">
Applying document model to reflection output...
    Last step completed in 00:00:00,4207
</buildStep>
<buildStep step="AddApiTopicFilenames">
Adding topic filenames to API members...
    Last step completed in 00:00:00,1775
</buildStep>
<buildStep step="GenerateApiTopicManifest">
Generating API topic manifest...
    Last step completed in 00:00:00,1550
</buildStep>
<buildStep step="GenerateNamespaceSummaries">
Generating namespace summary information...
    Last step completed in 00:00:00,1840
</buildStep>
<buildStep step="CopyConceptualContent">
Copying conceptual content...
Copying standard token shared content file...
Checking for other token files...
Checking for code snippets files...
Copying images and creating the media map file...
Generating conceptual topic files
    Parsing topic file &#39;C:\Users\chipi\Documents\Repositorios\Disenio_de_interfaces\LITTLE_ERP\DocProject\Content\Welcome.aml&#39;
    C:\Users\chipi\Documents\Repositorios\Disenio_de_interfaces\LITTLE_ERP\DocProject\Content\Welcome.aml -&gt; C:\Users\chipi\Documents\Repositorios\Disenio_de_interfaces\LITTLE_ERP\DocProject\Help\Working\ddueXml\8eed4220-089d-42d7-aa67-36b15479393b.xml
    Parsing topic file &#39;C:\Users\chipi\Documents\Repositorios\Disenio_de_interfaces\LITTLE_ERP\DocProject\Content\VersionHistory\VersionHistory.aml&#39;
    C:\Users\chipi\Documents\Repositorios\Disenio_de_interfaces\LITTLE_ERP\DocProject\Content\VersionHistory\VersionHistory.aml -&gt; C:\Users\chipi\Documents\Repositorios\Disenio_de_interfaces\LITTLE_ERP\DocProject\Help\Working\ddueXml\0b5d6636-2d7b-490d-a464-0b28280672ae.xml
    Parsing topic file &#39;C:\Users\chipi\Documents\Repositorios\Disenio_de_interfaces\LITTLE_ERP\DocProject\Content\VersionHistory\v1.0.0.0.aml&#39;
    C:\Users\chipi\Documents\Repositorios\Disenio_de_interfaces\LITTLE_ERP\DocProject\Content\VersionHistory\v1.0.0.0.aml -&gt; C:\Users\chipi\Documents\Repositorios\Disenio_de_interfaces\LITTLE_ERP\DocProject\Help\Working\ddueXml\5e651954-5218-4411-9353-b2f3d6465072.xml
    Last step completed in 00:00:00,0960
</buildStep>
<buildStep step="CreateConceptualTopicConfigs">
Creating conceptual topic configuration files...
    Companion files
    _ContentMetadata_.xml
    Merging topic IDs into manifest.xml
    Last step completed in 00:00:00,0470
</buildStep>
<buildStep step="CopyAdditionalContent">
Copying additional content files...
C:\Users\chipi\Documents\Repositorios\Disenio_de_interfaces\LITTLE_ERP\DocProject\icons\Help.png -&gt; C:\Users\chipi\Documents\Repositorios\Disenio_de_interfaces\LITTLE_ERP\DocProject\Help\Working\Output\Website\icons\Help.png
    Last step completed in 00:00:00,0170
</buildStep>
<buildStep step="MergeTablesOfContents">
Merging conceptual and additional tables of contents...
    Last step completed in 00:00:00,0070
</buildStep>
<buildStep step="GenerateIntermediateTableOfContents">
Generating intermediate table of contents file for API content...
Generating conceptual content intermediate TOC file...
    Last step completed in 00:00:00,1660
</buildStep>
<buildStep step="CreateBuildAssemblerConfigs">
Creating Sandcastle configuration files...
    sandcastle.config
    Last step completed in 00:00:00,2890
</buildStep>
<buildStep step="MergeCustomConfigs">
Merging custom build component configurations
C:\Users\chipi\Documents\Repositorios\Disenio_de_interfaces\LITTLE_ERP\DocProject\Help\Working\sandcastle.config
  Updating reference topic configurations.
  Updating conceptual topic configurations.
    Removing unused ExampleComponent.
    Last step completed in 00:00:00,0130
</buildStep>
<buildStep step="BuildTopics">
Building help topics...
[C:\Program Files (x86)\Microsoft Visual Studio\2019\Community\MSBuild\Current\Bin\MSBuild.exe - BuildTopics.proj]
Compilaci&#162;n iniciada a las 17/02/2022 13:25:40.
Proyecto &quot;C:\Users\chipi\Documents\Repositorios\Disenio_de_interfaces\LITTLE_ERP\DocProject\Help\Working\BuildTopics.proj&quot; en nodo 1 (destinos predeterminados).
BuildTopics:
  Microsoft.Build (v16.11.0+0538acc04cc2c953f220f9ec3f3764db1769defe)
  &#184; Microsoft Corporation. All rights reserved.
  Loading configuration...
  ResolveReferenceLinksComponent: The member ID URL cache &#39;C:\Users\chipi\AppData\Local\EWSoftware\Sandcastle Help File Builder\Cache\MemberIdUrl.cache&#39; does not exist yet.  All IDs will be looked up in this build which will slow it down.
  Processing topics...
BuildAssembler : warning : ShowMissingComponent: [N:LITTLE_ERP] Missing &lt;summary&gt; documentation [C:\Users\chipi\Documents\Repositorios\Disenio_de_interfaces\LITTLE_ERP\DocProject\Help\Working\BuildTopics.proj]
BuildAssembler : warning : ShowMissingComponent: [T:LITTLE_ERP.App] Missing &lt;summary&gt; documentation [C:\Users\chipi\Documents\Repositorios\Disenio_de_interfaces\LITTLE_ERP\DocProject\Help\Working\BuildTopics.proj]
BuildAssembler : warning : ShowMissingComponent: [M:LITTLE_ERP.App.InitializeComponent] Missing &lt;summary&gt; documentation [C:\Users\chipi\Documents\Repositorios\Disenio_de_interfaces\LITTLE_ERP\DocProject\Help\Working\BuildTopics.proj]
BuildAssembler : warning : ShowMissingComponent: [M:LITTLE_ERP.App.Main] Missing &lt;summary&gt; documentation [C:\Users\chipi\Documents\Repositorios\Disenio_de_interfaces\LITTLE_ERP\DocProject\Help\Working\BuildTopics.proj]
BuildAssembler : warning : ShowMissingComponent: [T:LITTLE_ERP.MainWindow] Missing &lt;summary&gt; documentation [C:\Users\chipi\Documents\Repositorios\Disenio_de_interfaces\LITTLE_ERP\DocProject\Help\Working\BuildTopics.proj]
BuildAssembler : warning : ShowMissingComponent: [M:LITTLE_ERP.MainWindow.btnClose_Click(System.Object,System.Windows.RoutedEventArgs)] Missing &lt;summary&gt; documentation [C:\Users\chipi\Documents\Repositorios\Disenio_de_interfaces\LITTLE_ERP\DocProject\Help\Working\BuildTopics.proj]
BuildAssembler : warning : ShowMissingComponent: [M:LITTLE_ERP.MainWindow.btnClose_Click(System.Object,System.Windows.RoutedEventArgs)] Missing &lt;param name=&quot;sender&quot;/&gt; documentation [C:\Users\chipi\Documents\Repositorios\Disenio_de_interfaces\LITTLE_ERP\DocProject\Help\Working\BuildTopics.proj]
BuildAssembler : warning : ShowMissingComponent: [M:LITTLE_ERP.MainWindow.btnClose_Click(System.Object,System.Windows.RoutedEventArgs)] Missing &lt;param name=&quot;e&quot;/&gt; documentation [C:\Users\chipi\Documents\Repositorios\Disenio_de_interfaces\LITTLE_ERP\DocProject\Help\Working\BuildTopics.proj]
BuildAssembler : warning : ShowMissingComponent: [M:LITTLE_ERP.MainWindow.btnOK_Click(System.Object,System.Windows.RoutedEventArgs)] Missing &lt;summary&gt; documentation [C:\Users\chipi\Documents\Repositorios\Disenio_de_interfaces\LITTLE_ERP\DocProject\Help\Working\BuildTopics.proj]
BuildAssembler : warning : ShowMissingComponent: [M:LITTLE_ERP.MainWindow.btnOK_Click(System.Object,System.Windows.RoutedEventArgs)] Missing &lt;param name=&quot;sender&quot;/&gt; documentation [C:\Users\chipi\Documents\Repositorios\Disenio_de_interfaces\LITTLE_ERP\DocProject\Help\Working\BuildTopics.proj]
BuildAssembler : warning : ShowMissingComponent: [M:LITTLE_ERP.MainWindow.btnOK_Click(System.Object,System.Windows.RoutedEventArgs)] Missing &lt;param name=&quot;e&quot;/&gt; documentation [C:\Users\chipi\Documents\Repositorios\Disenio_de_interfaces\LITTLE_ERP\DocProject\Help\Working\BuildTopics.proj]
BuildAssembler : warning : ShowMissingComponent: [M:LITTLE_ERP.MainWindow.InitializeComponent] Missing &lt;summary&gt; documentation [C:\Users\chipi\Documents\Repositorios\Disenio_de_interfaces\LITTLE_ERP\DocProject\Help\Working\BuildTopics.proj]
BuildAssembler : warning : ShowMissingComponent: [T:LITTLE_ERP.NewUser] Missing &lt;summary&gt; documentation [C:\Users\chipi\Documents\Repositorios\Disenio_de_interfaces\LITTLE_ERP\DocProject\Help\Working\BuildTopics.proj]
BuildAssembler : warning : ShowMissingComponent: [M:LITTLE_ERP.NewUser.#ctor(System.Windows.Window)] Missing &lt;param name=&quot;callingForm&quot;/&gt; documentation [C:\Users\chipi\Documents\Repositorios\Disenio_de_interfaces\LITTLE_ERP\DocProject\Help\Working\BuildTopics.proj]
BuildAssembler : warning : ShowMissingComponent: [M:LITTLE_ERP.NewUser.InitializeComponent] Missing &lt;summary&gt; documentation [C:\Users\chipi\Documents\Repositorios\Disenio_de_interfaces\LITTLE_ERP\DocProject\Help\Working\BuildTopics.proj]
BuildAssembler : warning : ShowMissingComponent: [P:LITTLE_ERP.NewUser.IsMod] Missing &lt;summary&gt; documentation [C:\Users\chipi\Documents\Repositorios\Disenio_de_interfaces\LITTLE_ERP\DocProject\Help\Working\BuildTopics.proj]
BuildAssembler : warning : ShowMissingComponent: [T:LITTLE_ERP.TabsWindow] Missing &lt;summary&gt; documentation [C:\Users\chipi\Documents\Repositorios\Disenio_de_interfaces\LITTLE_ERP\DocProject\Help\Working\BuildTopics.proj]
BuildAssembler : warning : ShowMissingComponent: [M:LITTLE_ERP.TabsWindow.InitializeComponent] Missing &lt;summary&gt; documentation [C:\Users\chipi\Documents\Repositorios\Disenio_de_interfaces\LITTLE_ERP\DocProject\Help\Working\BuildTopics.proj]
BuildAssembler : warning : ShowMissingComponent: [P:LITTLE_ERP.TabsWindow.isSelectingCustomers] Missing &lt;summary&gt; documentation [C:\Users\chipi\Documents\Repositorios\Disenio_de_interfaces\LITTLE_ERP\DocProject\Help\Working\BuildTopics.proj]
BuildAssembler : warning : ShowMissingComponent: [P:LITTLE_ERP.TabsWindow.isSelectingProducts] Missing &lt;summary&gt; documentation [C:\Users\chipi\Documents\Repositorios\Disenio_de_interfaces\LITTLE_ERP\DocProject\Help\Working\BuildTopics.proj]
BuildAssembler : warning : ShowMissingComponent: [N:LITTLE_ERP.Persistence] Missing &lt;summary&gt; documentation [C:\Users\chipi\Documents\Repositorios\Disenio_de_interfaces\LITTLE_ERP\DocProject\Help\Working\BuildTopics.proj]
BuildAssembler : warning : ShowMissingComponent: [T:LITTLE_ERP.Persistence.ConnectOracle] Missing &lt;summary&gt; documentation [C:\Users\chipi\Documents\Repositorios\Disenio_de_interfaces\LITTLE_ERP\DocProject\Help\Working\BuildTopics.proj]
BuildAssembler : warning : ShowMissingComponent: [M:LITTLE_ERP.Persistence.ConnectOracle.DLookUp(System.String,System.String,System.String)] Missing &lt;summary&gt; documentation [C:\Users\chipi\Documents\Repositorios\Disenio_de_interfaces\LITTLE_ERP\DocProject\Help\Working\BuildTopics.proj]
BuildAssembler : warning : ShowMissingComponent: [M:LITTLE_ERP.Persistence.ConnectOracle.DLookUp(System.String,System.String,System.String)] Missing &lt;returns&gt; documentation [C:\Users\chipi\Documents\Repositorios\Disenio_de_interfaces\LITTLE_ERP\DocProject\Help\Working\BuildTopics.proj]
BuildAssembler : warning : ShowMissingComponent: [M:LITTLE_ERP.Persistence.ConnectOracle.DLookUp(System.String,System.String,System.String)] Missing &lt;param name=&quot;columna&quot;/&gt; documentation [C:\Users\chipi\Documents\Repositorios\Disenio_de_interfaces\LITTLE_ERP\DocProject\Help\Working\BuildTopics.proj]
BuildAssembler : warning : ShowMissingComponent: [M:LITTLE_ERP.Persistence.ConnectOracle.DLookUp(System.String,System.String,System.String)] Missing &lt;param name=&quot;tabla&quot;/&gt; documentation [C:\Users\chipi\Documents\Repositorios\Disenio_de_interfaces\LITTLE_ERP\DocProject\Help\Working\BuildTopics.proj]
BuildAssembler : warning : ShowMissingComponent: [M:LITTLE_ERP.Persistence.ConnectOracle.DLookUp(System.String,System.String,System.String)] Missing &lt;param name=&quot;condicion&quot;/&gt; documentation [C:\Users\chipi\Documents\Repositorios\Disenio_de_interfaces\LITTLE_ERP\DocProject\Help\Working\BuildTopics.proj]
BuildAssembler : warning : ShowMissingComponent: [M:LITTLE_ERP.Persistence.ConnectOracle.getData(System.String,System.String)] Missing &lt;summary&gt; documentation [C:\Users\chipi\Documents\Repositorios\Disenio_de_interfaces\LITTLE_ERP\DocProject\Help\Working\BuildTopics.proj]
BuildAssembler : warning : ShowMissingComponent: [M:LITTLE_ERP.Persistence.ConnectOracle.getData(System.String,System.String)] Missing &lt;returns&gt; documentation [C:\Users\chipi\Documents\Repositorios\Disenio_de_interfaces\LITTLE_ERP\DocProject\Help\Working\BuildTopics.proj]
BuildAssembler : warning : ShowMissingComponent: [M:LITTLE_ERP.Persistence.ConnectOracle.getData(System.String,System.String)] Missing &lt;param name=&quot;query&quot;/&gt; documentation [C:\Users\chipi\Documents\Repositorios\Disenio_de_interfaces\LITTLE_ERP\DocProject\Help\Working\BuildTopics.proj]
BuildAssembler : warning : ShowMissingComponent: [M:LITTLE_ERP.Persistence.ConnectOracle.getData(System.String,System.String)] Missing &lt;param name=&quot;table&quot;/&gt; documentation [C:\Users\chipi\Documents\Repositorios\Disenio_de_interfaces\LITTLE_ERP\DocProject\Help\Working\BuildTopics.proj]
BuildAssembler : warning : ShowMissingComponent: [M:LITTLE_ERP.Persistence.ConnectOracle.setData(System.String)] Missing &lt;summary&gt; documentation [C:\Users\chipi\Documents\Repositorios\Disenio_de_interfaces\LITTLE_ERP\DocProject\Help\Working\BuildTopics.proj]
BuildAssembler : warning : ShowMissingComponent: [M:LITTLE_ERP.Persistence.ConnectOracle.setData(System.String)] Missing &lt;param name=&quot;sentencia&quot;/&gt; documentation [C:\Users\chipi\Documents\Repositorios\Disenio_de_interfaces\LITTLE_ERP\DocProject\Help\Working\BuildTopics.proj]
BuildAssembler : warning : ShowMissingComponent: [N:LITTLE_ERP.View] Missing &lt;summary&gt; documentation [C:\Users\chipi\Documents\Repositorios\Disenio_de_interfaces\LITTLE_ERP\DocProject\Help\Working\BuildTopics.proj]
BuildAssembler : warning : ShowMissingComponent: [T:LITTLE_ERP.View.NewOrder] Missing &lt;summary&gt; documentation [C:\Users\chipi\Documents\Repositorios\Disenio_de_interfaces\LITTLE_ERP\DocProject\Help\Working\BuildTopics.proj]
BuildAssembler : warning : ShowMissingComponent: [M:LITTLE_ERP.View.NewOrder.#ctor(System.Windows.Window)] Missing &lt;param name=&quot;callingForm&quot;/&gt; documentation [C:\Users\chipi\Documents\Repositorios\Disenio_de_interfaces\LITTLE_ERP\DocProject\Help\Working\BuildTopics.proj]
BuildAssembler : warning : ShowMissingComponent: [M:LITTLE_ERP.View.NewOrder.InitializeComponent] Missing &lt;summary&gt; documentation [C:\Users\chipi\Documents\Repositorios\Disenio_de_interfaces\LITTLE_ERP\DocProject\Help\Working\BuildTopics.proj]
  Processed 50 topic(s)
  37 warning(s)
  CopyFromIndexComponent: &quot;metadata&quot; in-memory cache entries used: 1 of 15.
  ResolveArtLinksComponent: Copying media files...
  ResolveReferenceLinksComponent: 539 entries added to the member ID URL cache.  New cache size: 539 entries
  CopyFromIndexComponent: &quot;reflection&quot; in-memory cache entries used: 5 of 15.
  CopyFromIndexComponent: &quot;comments&quot; in-memory cache entries used: 1 of 30.
Compilaci&#162;n del proyecto terminada &quot;C:\Users\chipi\Documents\Repositorios\Disenio_de_interfaces\LITTLE_ERP\DocProject\Help\Working\BuildTopics.proj&quot; (destinos predeterminados).
    Last step completed in 00:01:53,7973
</buildStep>
<buildStep step="CombiningIntermediateTocFiles">
Combining conceptual and API intermediate TOC files...
    Last step completed in 00:00:00,0030
</buildStep>
<buildStep step="ExtractingHtmlInfo">
Extracting HTML info for HTML Help 1 and/or website...
[C:\Program Files (x86)\Microsoft Visual Studio\2019\Community\MSBuild\Current\Bin\MSBuild.exe - ExtractHtmlInfo.proj]
    Last step completed in 00:00:01,9067
</buildStep>
<buildStep step="CopyStandardHelpContent">
Copying standard help content...
C:\Program Files (x86)\EWSoftware\Sandcastle Help File Builder\Components\VS2013\icons\AlertCaution.png -&gt; C:\Users\chipi\Documents\Repositorios\Disenio_de_interfaces\LITTLE_ERP\DocProject\Help\Working\Output\Website\icons\AlertCaution.png
C:\Program Files (x86)\EWSoftware\Sandcastle Help File Builder\Components\VS2013\icons\AlertNote.png -&gt; C:\Users\chipi\Documents\Repositorios\Disenio_de_interfaces\LITTLE_ERP\DocProject\Help\Working\Output\Website\icons\AlertNote.png
C:\Program Files (x86)\EWSoftware\Sandcastle Help File Builder\Components\VS2013\icons\AlertSecurity.png -&gt; C:\Users\chipi\Documents\Repositorios\Disenio_de_interfaces\LITTLE_ERP\DocProject\Help\Working\Output\Website\icons\AlertSecurity.png
C:\Program Files (x86)\EWSoftware\Sandcastle Help File Builder\Components\VS2013\icons\CFW.gif -&gt; C:\Users\chipi\Documents\Repositorios\Disenio_de_interfaces\LITTLE_ERP\DocProject\Help\Working\Output\Website\icons\CFW.gif
C:\Program Files (x86)\EWSoftware\Sandcastle Help File Builder\Components\VS2013\icons\CodeExample.png -&gt; C:\Users\chipi\Documents\Repositorios\Disenio_de_interfaces\LITTLE_ERP\DocProject\Help\Working\Output\Website\icons\CodeExample.png
C:\Program Files (x86)\EWSoftware\Sandcastle Help File Builder\Components\VS2013\icons\favicon.ico -&gt; C:\Users\chipi\Documents\Repositorios\Disenio_de_interfaces\LITTLE_ERP\DocProject\Help\Working\Output\Website\icons\favicon.ico
C:\Program Files (x86)\EWSoftware\Sandcastle Help File Builder\Components\VS2013\icons\privclass.gif -&gt; C:\Users\chipi\Documents\Repositorios\Disenio_de_interfaces\LITTLE_ERP\DocProject\Help\Working\Output\Website\icons\privclass.gif
C:\Program Files (x86)\EWSoftware\Sandcastle Help File Builder\Components\VS2013\icons\privdelegate.gif -&gt; C:\Users\chipi\Documents\Repositorios\Disenio_de_interfaces\LITTLE_ERP\DocProject\Help\Working\Output\Website\icons\privdelegate.gif
C:\Program Files (x86)\EWSoftware\Sandcastle Help File Builder\Components\VS2013\icons\privenumeration.gif -&gt; C:\Users\chipi\Documents\Repositorios\Disenio_de_interfaces\LITTLE_ERP\DocProject\Help\Working\Output\Website\icons\privenumeration.gif
C:\Program Files (x86)\EWSoftware\Sandcastle Help File Builder\Components\VS2013\icons\privevent.gif -&gt; C:\Users\chipi\Documents\Repositorios\Disenio_de_interfaces\LITTLE_ERP\DocProject\Help\Working\Output\Website\icons\privevent.gif
C:\Program Files (x86)\EWSoftware\Sandcastle Help File Builder\Components\VS2013\icons\privextension.gif -&gt; C:\Users\chipi\Documents\Repositorios\Disenio_de_interfaces\LITTLE_ERP\DocProject\Help\Working\Output\Website\icons\privextension.gif
C:\Program Files (x86)\EWSoftware\Sandcastle Help File Builder\Components\VS2013\icons\privfield.gif -&gt; C:\Users\chipi\Documents\Repositorios\Disenio_de_interfaces\LITTLE_ERP\DocProject\Help\Working\Output\Website\icons\privfield.gif
C:\Program Files (x86)\EWSoftware\Sandcastle Help File Builder\Components\VS2013\icons\privinterface.gif -&gt; C:\Users\chipi\Documents\Repositorios\Disenio_de_interfaces\LITTLE_ERP\DocProject\Help\Working\Output\Website\icons\privinterface.gif
C:\Program Files (x86)\EWSoftware\Sandcastle Help File Builder\Components\VS2013\icons\privmethod.gif -&gt; C:\Users\chipi\Documents\Repositorios\Disenio_de_interfaces\LITTLE_ERP\DocProject\Help\Working\Output\Website\icons\privmethod.gif
C:\Program Files (x86)\EWSoftware\Sandcastle Help File Builder\Components\VS2013\icons\privproperty.gif -&gt; C:\Users\chipi\Documents\Repositorios\Disenio_de_interfaces\LITTLE_ERP\DocProject\Help\Working\Output\Website\icons\privproperty.gif
C:\Program Files (x86)\EWSoftware\Sandcastle Help File Builder\Components\VS2013\icons\privstructure.gif -&gt; C:\Users\chipi\Documents\Repositorios\Disenio_de_interfaces\LITTLE_ERP\DocProject\Help\Working\Output\Website\icons\privstructure.gif
C:\Program Files (x86)\EWSoftware\Sandcastle Help File Builder\Components\VS2013\icons\protclass.gif -&gt; C:\Users\chipi\Documents\Repositorios\Disenio_de_interfaces\LITTLE_ERP\DocProject\Help\Working\Output\Website\icons\protclass.gif
C:\Program Files (x86)\EWSoftware\Sandcastle Help File Builder\Components\VS2013\icons\protdelegate.gif -&gt; C:\Users\chipi\Documents\Repositorios\Disenio_de_interfaces\LITTLE_ERP\DocProject\Help\Working\Output\Website\icons\protdelegate.gif
C:\Program Files (x86)\EWSoftware\Sandcastle Help File Builder\Components\VS2013\icons\protenumeration.gif -&gt; C:\Users\chipi\Documents\Repositorios\Disenio_de_interfaces\LITTLE_ERP\DocProject\Help\Working\Output\Website\icons\protenumeration.gif
C:\Program Files (x86)\EWSoftware\Sandcastle Help File Builder\Components\VS2013\icons\protevent.gif -&gt; C:\Users\chipi\Documents\Repositorios\Disenio_de_interfaces\LITTLE_ERP\DocProject\Help\Working\Output\Website\icons\protevent.gif
C:\Program Files (x86)\EWSoftware\Sandcastle Help File Builder\Components\VS2013\icons\protextension.gif -&gt; C:\Users\chipi\Documents\Repositorios\Disenio_de_interfaces\LITTLE_ERP\DocProject\Help\Working\Output\Website\icons\protextension.gif
C:\Program Files (x86)\EWSoftware\Sandcastle Help File Builder\Components\VS2013\icons\protfield.gif -&gt; C:\Users\chipi\Documents\Repositorios\Disenio_de_interfaces\LITTLE_ERP\DocProject\Help\Working\Output\Website\icons\protfield.gif
C:\Program Files (x86)\EWSoftware\Sandcastle Help File Builder\Components\VS2013\icons\protinterface.gif -&gt; C:\Users\chipi\Documents\Repositorios\Disenio_de_interfaces\LITTLE_ERP\DocProject\Help\Working\Output\Website\icons\protinterface.gif
C:\Program Files (x86)\EWSoftware\Sandcastle Help File Builder\Components\VS2013\icons\protmethod.gif -&gt; C:\Users\chipi\Documents\Repositorios\Disenio_de_interfaces\LITTLE_ERP\DocProject\Help\Working\Output\Website\icons\protmethod.gif
C:\Program Files (x86)\EWSoftware\Sandcastle Help File Builder\Components\VS2013\icons\protoperator.gif -&gt; C:\Users\chipi\Documents\Repositorios\Disenio_de_interfaces\LITTLE_ERP\DocProject\Help\Working\Output\Website\icons\protoperator.gif
C:\Program Files (x86)\EWSoftware\Sandcastle Help File Builder\Components\VS2013\icons\protproperty.gif -&gt; C:\Users\chipi\Documents\Repositorios\Disenio_de_interfaces\LITTLE_ERP\DocProject\Help\Working\Output\Website\icons\protproperty.gif
C:\Program Files (x86)\EWSoftware\Sandcastle Help File Builder\Components\VS2013\icons\protstructure.gif -&gt; C:\Users\chipi\Documents\Repositorios\Disenio_de_interfaces\LITTLE_ERP\DocProject\Help\Working\Output\Website\icons\protstructure.gif
C:\Program Files (x86)\EWSoftware\Sandcastle Help File Builder\Components\VS2013\icons\pubclass.gif -&gt; C:\Users\chipi\Documents\Repositorios\Disenio_de_interfaces\LITTLE_ERP\DocProject\Help\Working\Output\Website\icons\pubclass.gif
C:\Program Files (x86)\EWSoftware\Sandcastle Help File Builder\Components\VS2013\icons\pubdelegate.gif -&gt; C:\Users\chipi\Documents\Repositorios\Disenio_de_interfaces\LITTLE_ERP\DocProject\Help\Working\Output\Website\icons\pubdelegate.gif
C:\Program Files (x86)\EWSoftware\Sandcastle Help File Builder\Components\VS2013\icons\pubenumeration.gif -&gt; C:\Users\chipi\Documents\Repositorios\Disenio_de_interfaces\LITTLE_ERP\DocProject\Help\Working\Output\Website\icons\pubenumeration.gif
C:\Program Files (x86)\EWSoftware\Sandcastle Help File Builder\Components\VS2013\icons\pubevent.gif -&gt; C:\Users\chipi\Documents\Repositorios\Disenio_de_interfaces\LITTLE_ERP\DocProject\Help\Working\Output\Website\icons\pubevent.gif
C:\Program Files (x86)\EWSoftware\Sandcastle Help File Builder\Components\VS2013\icons\pubextension.gif -&gt; C:\Users\chipi\Documents\Repositorios\Disenio_de_interfaces\LITTLE_ERP\DocProject\Help\Working\Output\Website\icons\pubextension.gif
C:\Program Files (x86)\EWSoftware\Sandcastle Help File Builder\Components\VS2013\icons\pubfield.gif -&gt; C:\Users\chipi\Documents\Repositorios\Disenio_de_interfaces\LITTLE_ERP\DocProject\Help\Working\Output\Website\icons\pubfield.gif
C:\Program Files (x86)\EWSoftware\Sandcastle Help File Builder\Components\VS2013\icons\pubinterface.gif -&gt; C:\Users\chipi\Documents\Repositorios\Disenio_de_interfaces\LITTLE_ERP\DocProject\Help\Working\Output\Website\icons\pubinterface.gif
C:\Program Files (x86)\EWSoftware\Sandcastle Help File Builder\Components\VS2013\icons\pubmethod.gif -&gt; C:\Users\chipi\Documents\Repositorios\Disenio_de_interfaces\LITTLE_ERP\DocProject\Help\Working\Output\Website\icons\pubmethod.gif
C:\Program Files (x86)\EWSoftware\Sandcastle Help File Builder\Components\VS2013\icons\puboperator.gif -&gt; C:\Users\chipi\Documents\Repositorios\Disenio_de_interfaces\LITTLE_ERP\DocProject\Help\Working\Output\Website\icons\puboperator.gif
C:\Program Files (x86)\EWSoftware\Sandcastle Help File Builder\Components\VS2013\icons\pubproperty.gif -&gt; C:\Users\chipi\Documents\Repositorios\Disenio_de_interfaces\LITTLE_ERP\DocProject\Help\Working\Output\Website\icons\pubproperty.gif
C:\Program Files (x86)\EWSoftware\Sandcastle Help File Builder\Components\VS2013\icons\pubstructure.gif -&gt; C:\Users\chipi\Documents\Repositorios\Disenio_de_interfaces\LITTLE_ERP\DocProject\Help\Working\Output\Website\icons\pubstructure.gif
C:\Program Files (x86)\EWSoftware\Sandcastle Help File Builder\Components\VS2013\icons\SectionCollapsed.png -&gt; C:\Users\chipi\Documents\Repositorios\Disenio_de_interfaces\LITTLE_ERP\DocProject\Help\Working\Output\Website\icons\SectionCollapsed.png
C:\Program Files (x86)\EWSoftware\Sandcastle Help File Builder\Components\VS2013\icons\SectionExpanded.png -&gt; C:\Users\chipi\Documents\Repositorios\Disenio_de_interfaces\LITTLE_ERP\DocProject\Help\Working\Output\Website\icons\SectionExpanded.png
C:\Program Files (x86)\EWSoftware\Sandcastle Help File Builder\Components\VS2013\icons\slMobile.gif -&gt; C:\Users\chipi\Documents\Repositorios\Disenio_de_interfaces\LITTLE_ERP\DocProject\Help\Working\Output\Website\icons\slMobile.gif
C:\Program Files (x86)\EWSoftware\Sandcastle Help File Builder\Components\VS2013\icons\static.gif -&gt; C:\Users\chipi\Documents\Repositorios\Disenio_de_interfaces\LITTLE_ERP\DocProject\Help\Working\Output\Website\icons\static.gif
C:\Program Files (x86)\EWSoftware\Sandcastle Help File Builder\Components\VS2013\icons\xna.gif -&gt; C:\Users\chipi\Documents\Repositorios\Disenio_de_interfaces\LITTLE_ERP\DocProject\Help\Working\Output\Website\icons\xna.gif
C:\Program Files (x86)\EWSoftware\Sandcastle Help File Builder\Components\VS2013\scripts\branding.js -&gt; C:\Users\chipi\Documents\Repositorios\Disenio_de_interfaces\LITTLE_ERP\DocProject\Help\Working\Output\Website\scripts\branding.js
C:\Program Files (x86)\EWSoftware\Sandcastle Help File Builder\Components\VS2013\styles\branding-cs-CZ.css -&gt; C:\Users\chipi\Documents\Repositorios\Disenio_de_interfaces\LITTLE_ERP\DocProject\Help\Working\Output\Website\styles\branding-cs-CZ.css
C:\Program Files (x86)\EWSoftware\Sandcastle Help File Builder\Components\VS2013\styles\branding-de-DE.css -&gt; C:\Users\chipi\Documents\Repositorios\Disenio_de_interfaces\LITTLE_ERP\DocProject\Help\Working\Output\Website\styles\branding-de-DE.css
C:\Program Files (x86)\EWSoftware\Sandcastle Help File Builder\Components\VS2013\styles\branding-en-US.css -&gt; C:\Users\chipi\Documents\Repositorios\Disenio_de_interfaces\LITTLE_ERP\DocProject\Help\Working\Output\Website\styles\branding-en-US.css
C:\Program Files (x86)\EWSoftware\Sandcastle Help File Builder\Components\VS2013\styles\branding-es-ES.css -&gt; C:\Users\chipi\Documents\Repositorios\Disenio_de_interfaces\LITTLE_ERP\DocProject\Help\Working\Output\Website\styles\branding-es-ES.css
C:\Program Files (x86)\EWSoftware\Sandcastle Help File Builder\Components\VS2013\styles\branding-fr-FR.css -&gt; C:\Users\chipi\Documents\Repositorios\Disenio_de_interfaces\LITTLE_ERP\DocProject\Help\Working\Output\Website\styles\branding-fr-FR.css
C:\Program Files (x86)\EWSoftware\Sandcastle Help File Builder\Components\VS2013\styles\branding-Help1.css -&gt; C:\Users\chipi\Documents\Repositorios\Disenio_de_interfaces\LITTLE_ERP\DocProject\Help\Working\Output\Website\styles\branding-Help1.css
C:\Program Files (x86)\EWSoftware\Sandcastle Help File Builder\Components\VS2013\styles\branding-HelpViewer.css -&gt; C:\Users\chipi\Documents\Repositorios\Disenio_de_interfaces\LITTLE_ERP\DocProject\Help\Working\Output\Website\styles\branding-HelpViewer.css
C:\Program Files (x86)\EWSoftware\Sandcastle Help File Builder\Components\VS2013\styles\branding-it-IT.css -&gt; C:\Users\chipi\Documents\Repositorios\Disenio_de_interfaces\LITTLE_ERP\DocProject\Help\Working\Output\Website\styles\branding-it-IT.css
C:\Program Files (x86)\EWSoftware\Sandcastle Help File Builder\Components\VS2013\styles\branding-ja-JP.css -&gt; C:\Users\chipi\Documents\Repositorios\Disenio_de_interfaces\LITTLE_ERP\DocProject\Help\Working\Output\Website\styles\branding-ja-JP.css
C:\Program Files (x86)\EWSoftware\Sandcastle Help File Builder\Components\VS2013\styles\branding-ko-KR.css -&gt; C:\Users\chipi\Documents\Repositorios\Disenio_de_interfaces\LITTLE_ERP\DocProject\Help\Working\Output\Website\styles\branding-ko-KR.css
C:\Program Files (x86)\EWSoftware\Sandcastle Help File Builder\Components\VS2013\styles\branding-pl-PL.css -&gt; C:\Users\chipi\Documents\Repositorios\Disenio_de_interfaces\LITTLE_ERP\DocProject\Help\Working\Output\Website\styles\branding-pl-PL.css
C:\Program Files (x86)\EWSoftware\Sandcastle Help File Builder\Components\VS2013\styles\branding-pt-BR.css -&gt; C:\Users\chipi\Documents\Repositorios\Disenio_de_interfaces\LITTLE_ERP\DocProject\Help\Working\Output\Website\styles\branding-pt-BR.css
C:\Program Files (x86)\EWSoftware\Sandcastle Help File Builder\Components\VS2013\styles\branding-ru-RU.css -&gt; C:\Users\chipi\Documents\Repositorios\Disenio_de_interfaces\LITTLE_ERP\DocProject\Help\Working\Output\Website\styles\branding-ru-RU.css
C:\Program Files (x86)\EWSoftware\Sandcastle Help File Builder\Components\VS2013\styles\branding-tr-TR.css -&gt; C:\Users\chipi\Documents\Repositorios\Disenio_de_interfaces\LITTLE_ERP\DocProject\Help\Working\Output\Website\styles\branding-tr-TR.css
C:\Program Files (x86)\EWSoftware\Sandcastle Help File Builder\Components\VS2013\styles\branding-Website.css -&gt; C:\Users\chipi\Documents\Repositorios\Disenio_de_interfaces\LITTLE_ERP\DocProject\Help\Working\Output\Website\styles\branding-Website.css
C:\Program Files (x86)\EWSoftware\Sandcastle Help File Builder\Components\VS2013\styles\branding-zh-CN.css -&gt; C:\Users\chipi\Documents\Repositorios\Disenio_de_interfaces\LITTLE_ERP\DocProject\Help\Working\Output\Website\styles\branding-zh-CN.css
C:\Program Files (x86)\EWSoftware\Sandcastle Help File Builder\Components\VS2013\styles\branding-zh-TW.css -&gt; C:\Users\chipi\Documents\Repositorios\Disenio_de_interfaces\LITTLE_ERP\DocProject\Help\Working\Output\Website\styles\branding-zh-TW.css
C:\Program Files (x86)\EWSoftware\Sandcastle Help File Builder\Components\VS2013\styles\branding.css -&gt; C:\Users\chipi\Documents\Repositorios\Disenio_de_interfaces\LITTLE_ERP\DocProject\Help\Working\Output\Website\styles\branding.css
C:\Program Files (x86)\EWSoftware\Sandcastle Help File Builder\Components\VS2013\Web\index.html -&gt; C:\Users\chipi\Documents\Repositorios\Disenio_de_interfaces\LITTLE_ERP\DocProject\Help\Working\Output\Website\index.html
C:\Program Files (x86)\EWSoftware\Sandcastle Help File Builder\Components\VS2013\Web\search.html -&gt; C:\Users\chipi\Documents\Repositorios\Disenio_de_interfaces\LITTLE_ERP\DocProject\Help\Working\Output\Website\search.html
C:\Program Files (x86)\EWSoftware\Sandcastle Help File Builder\Components\VS2013\Web\SearchHelp.aspx -&gt; C:\Users\chipi\Documents\Repositorios\Disenio_de_interfaces\LITTLE_ERP\DocProject\Help\Working\Output\Website\SearchHelp.aspx
C:\Program Files (x86)\EWSoftware\Sandcastle Help File Builder\Components\VS2013\Web\SearchHelp.inc.php -&gt; C:\Users\chipi\Documents\Repositorios\Disenio_de_interfaces\LITTLE_ERP\DocProject\Help\Working\Output\Website\SearchHelp.inc.php
C:\Program Files (x86)\EWSoftware\Sandcastle Help File Builder\Components\VS2013\Web\SearchHelp.php -&gt; C:\Users\chipi\Documents\Repositorios\Disenio_de_interfaces\LITTLE_ERP\DocProject\Help\Working\Output\Website\SearchHelp.php
C:\Program Files (x86)\EWSoftware\Sandcastle Help File Builder\Components\VS2013\Web\Web.Config -&gt; C:\Users\chipi\Documents\Repositorios\Disenio_de_interfaces\LITTLE_ERP\DocProject\Help\Working\Output\Website\Web.Config
C:\Program Files (x86)\EWSoftware\Sandcastle Help File Builder\Components\VS2013\Web\html\GeneralError.htm -&gt; C:\Users\chipi\Documents\Repositorios\Disenio_de_interfaces\LITTLE_ERP\DocProject\Help\Working\Output\Website\html\GeneralError.htm
C:\Program Files (x86)\EWSoftware\Sandcastle Help File Builder\Components\VS2013\Web\html\PageNotFound.htm -&gt; C:\Users\chipi\Documents\Repositorios\Disenio_de_interfaces\LITTLE_ERP\DocProject\Help\Working\Output\Website\html\PageNotFound.htm
C:\Program Files (x86)\EWSoftware\Sandcastle Help File Builder\Components\VS2013\Web\icons\Search.png -&gt; C:\Users\chipi\Documents\Repositorios\Disenio_de_interfaces\LITTLE_ERP\DocProject\Help\Working\Output\Website\icons\Search.png
C:\Program Files (x86)\EWSoftware\Sandcastle Help File Builder\Components\VS2013\Web\icons\TocClose.gif -&gt; C:\Users\chipi\Documents\Repositorios\Disenio_de_interfaces\LITTLE_ERP\DocProject\Help\Working\Output\Website\icons\TocClose.gif
C:\Program Files (x86)\EWSoftware\Sandcastle Help File Builder\Components\VS2013\Web\icons\TocCollapsed.gif -&gt; C:\Users\chipi\Documents\Repositorios\Disenio_de_interfaces\LITTLE_ERP\DocProject\Help\Working\Output\Website\icons\TocCollapsed.gif
C:\Program Files (x86)\EWSoftware\Sandcastle Help File Builder\Components\VS2013\Web\icons\TocExpanded.gif -&gt; C:\Users\chipi\Documents\Repositorios\Disenio_de_interfaces\LITTLE_ERP\DocProject\Help\Working\Output\Website\icons\TocExpanded.gif
C:\Program Files (x86)\EWSoftware\Sandcastle Help File Builder\Components\VS2013\Web\icons\TocOpen.gif -&gt; C:\Users\chipi\Documents\Repositorios\Disenio_de_interfaces\LITTLE_ERP\DocProject\Help\Working\Output\Website\icons\TocOpen.gif
C:\Program Files (x86)\EWSoftware\Sandcastle Help File Builder\Components\VS2013\Web\scripts\branding-Website.js -&gt; C:\Users\chipi\Documents\Repositorios\Disenio_de_interfaces\LITTLE_ERP\DocProject\Help\Working\Output\Website\scripts\branding-Website.js
C:\Program Files (x86)\EWSoftware\Sandcastle Help File Builder\Components\VS2013\Web\scripts\clipboard.min.js -&gt; C:\Users\chipi\Documents\Repositorios\Disenio_de_interfaces\LITTLE_ERP\DocProject\Help\Working\Output\Website\scripts\clipboard.min.js
C:\Program Files (x86)\EWSoftware\Sandcastle Help File Builder\Components\VS2013\Web\scripts\jquery-3.5.1.min.js -&gt; C:\Users\chipi\Documents\Repositorios\Disenio_de_interfaces\LITTLE_ERP\DocProject\Help\Working\Output\Website\scripts\jquery-3.5.1.min.js
    Last step completed in 00:00:01,1011
</buildStep>
<buildStep step="GenerateFullTextIndex">
Generating full-text index for the website...

<plugIn name="Lightweight Website Style" behavior="After" priority="1000">
Adding lightweight search and TOC elements to each topic...
</plugIn>    Last step completed in 00:00:00,7501
</buildStep>
<buildStep step="CopyingWebsiteFiles">
Copying website files to output folder...

Copied 173 files for the website content
    Last step completed in 00:00:00,4450
</buildStep>
<buildStep step="CleanIntermediates">
Removing intermediate files...
    Last step completed in 00:00:00,0790
</buildStep>
<buildStep step="Completed">

Build completed successfully at 17/02/2022 13:27:37.  Total time: 00:02:05,8734

</buildStep>
</shfbBuild>
